13.01.2023 - 03:06:10 - [TAB v3.2.1] Failed to enable. Did you just invent a new way to break the plugin by misconfiguring it?
13.01.2023 - 03:06:10 - java.lang.ArrayIndexOutOfBoundsException: Index 0 out of bounds for length 0
13.01.2023 - 03:06:10 - 	at TAB v3.2.1.jar//me.neznamy.yamlassist.types.BadIndentation.checkForIndent(BadIndentation.java:30)
13.01.2023 - 03:06:10 - 	at TAB v3.2.1.jar//me.neznamy.yamlassist.types.BadIndentation.getSuggestions(BadIndentation.java:17)
13.01.2023 - 03:06:10 - 	at TAB v3.2.1.jar//me.neznamy.yamlassist.YamlAssist.getSuggestions(YamlAssist.java:63)
13.01.2023 - 03:06:10 - 	at TAB v3.2.1.jar//me.neznamy.tab.api.config.YamlConfigurationFile.<init>(YamlConfigurationFile.java:66)
13.01.2023 - 03:06:10 - 	at TAB v3.2.1.jar//me.neznamy.tab.shared.config.Configs.<init>(Configs.java:25)
13.01.2023 - 03:06:10 - 	at TAB v3.2.1.jar//me.neznamy.tab.shared.TAB.load(TAB.java:154)
13.01.2023 - 03:06:10 - 	at TAB v3.2.1.jar//me.neznamy.tab.platforms.bukkit.Main.onEnable(Main.java:43)
13.01.2023 - 03:06:10 - 	at org.bukkit.plugin.java.JavaPlugin.setEnabled(JavaPlugin.java:264)
13.01.2023 - 03:06:10 - 	at org.bukkit.plugin.java.JavaPluginLoader.enablePlugin(JavaPluginLoader.java:372)
13.01.2023 - 03:06:10 - 	at org.bukkit.plugin.SimplePluginManager.enablePlugin(SimplePluginManager.java:550)
13.01.2023 - 03:06:10 - 	at org.bukkit.craftbukkit.v1_19_R2.CraftServer.enablePlugin(CraftServer.java:624)
13.01.2023 - 03:06:10 - 	at org.bukkit.craftbukkit.v1_19_R2.CraftServer.enablePlugins(CraftServer.java:538)
13.01.2023 - 03:06:10 - 	at net.minecraft.server.MinecraftServer.loadWorld0(MinecraftServer.java:640)
13.01.2023 - 03:06:10 - 	at net.minecraft.server.MinecraftServer.loadLevel(MinecraftServer.java:439)
13.01.2023 - 03:06:10 - 	at net.minecraft.server.dedicated.DedicatedServer.e(DedicatedServer.java:338)
13.01.2023 - 03:06:10 - 	at net.minecraft.server.MinecraftServer.w(MinecraftServer.java:1117)
13.01.2023 - 03:06:10 - 	at net.minecraft.server.MinecraftServer.lambda$spin$0(MinecraftServer.java:321)
13.01.2023 - 03:06:10 - 	at java.base/java.lang.Thread.run(Thread.java:833)
13.01.2023 - 03:07:20 - [TAB v3.2.1] Failed to enable. Did you just invent a new way to break the plugin by misconfiguring it?
13.01.2023 - 03:07:20 - java.lang.ArrayIndexOutOfBoundsException: Index 0 out of bounds for length 0
13.01.2023 - 03:07:20 - 	at TAB v3.2.1.jar//me.neznamy.yamlassist.types.BadIndentation.checkForIndent(BadIndentation.java:30)
13.01.2023 - 03:07:20 - 	at TAB v3.2.1.jar//me.neznamy.yamlassist.types.BadIndentation.getSuggestions(BadIndentation.java:17)
13.01.2023 - 03:07:20 - 	at TAB v3.2.1.jar//me.neznamy.yamlassist.YamlAssist.getSuggestions(YamlAssist.java:63)
13.01.2023 - 03:07:20 - 	at TAB v3.2.1.jar//me.neznamy.tab.api.config.YamlConfigurationFile.<init>(YamlConfigurationFile.java:66)
13.01.2023 - 03:07:20 - 	at TAB v3.2.1.jar//me.neznamy.tab.shared.config.Configs.<init>(Configs.java:25)
13.01.2023 - 03:07:20 - 	at TAB v3.2.1.jar//me.neznamy.tab.shared.TAB.load(TAB.java:154)
13.01.2023 - 03:07:20 - 	at TAB v3.2.1.jar//me.neznamy.tab.shared.command.DisabledCommand.execute(DisabledCommand.java:29)
13.01.2023 - 03:07:20 - 	at TAB v3.2.1.jar//me.neznamy.tab.platforms.bukkit.Main$TABCommand.onCommand(Main.java:114)
13.01.2023 - 03:07:20 - 	at org.bukkit.command.PluginCommand.execute(PluginCommand.java:45)
13.01.2023 - 03:07:20 - 	at org.bukkit.command.SimpleCommandMap.dispatch(SimpleCommandMap.java:168)
13.01.2023 - 03:07:20 - 	at org.bukkit.craftbukkit.v1_19_R2.CraftServer.dispatchCommand(CraftServer.java:975)
13.01.2023 - 03:07:20 - 	at org.bukkit.craftbukkit.v1_19_R2.CraftServer.dispatchServerCommand(CraftServer.java:938)
13.01.2023 - 03:07:20 - 	at net.minecraft.server.dedicated.DedicatedServer.bg(DedicatedServer.java:536)
13.01.2023 - 03:07:20 - 	at net.minecraft.server.dedicated.DedicatedServer.b(DedicatedServer.java:483)
13.01.2023 - 03:07:20 - 	at net.minecraft.server.MinecraftServer.a(MinecraftServer.java:1424)
13.01.2023 - 03:07:20 - 	at net.minecraft.server.MinecraftServer.w(MinecraftServer.java:1194)
13.01.2023 - 03:07:20 - 	at net.minecraft.server.MinecraftServer.lambda$spin$0(MinecraftServer.java:321)
13.01.2023 - 03:07:20 - 	at java.base/java.lang.Thread.run(Thread.java:833)
