[12-01-2023 14:37:52] WorldGuard: Registering kgenerators-pick-up flag
[12-01-2023 14:37:52] WorldGuard: Registering kgenerators-only-gen-break flag
[12-01-2023 14:38:55] !!! WARNING !!! KGenerators will be loaded in post init check, check for more informations futher in this log
[12-01-2023 14:40:00] [Debug] Settings: Loading settings
[12-01-2023 14:40:01] [Debug] Dependencies: Setting up dependencies
[12-01-2023 14:40:01] Dependencies: Detected Vault economy. Hooked into it.
[12-01-2023 14:40:01] Dependencies: Detected Vault permissions. Hooked into it.
[12-01-2023 14:40:01] Dependencies: Detected plugin WorldEdit. Hooking into it.
[12-01-2023 14:40:01] Dependencies: Detected plugin PlaceholderAPI. Hooking into it.
[12-01-2023 14:40:01] Dependencies: Detected plugin WorldGuard. Hooked into it.
[12-01-2023 14:40:01] Dependencies: Detected plugin DecentHolograms. Hooked holograms into it.
[12-01-2023 14:40:01] [Debug] GeneratorsManager: Setting up manager
[12-01-2023 14:40:01] [Debug] GeneratedObjectsManager: Loaded GeneratedBlock with type block
[12-01-2023 14:40:01] [Debug] GeneratedObjectsManager: Loaded GeneratedItem with type item
[12-01-2023 14:40:01] [Debug] GeneratedObjectsManager: Loaded GeneratedEntity with type entity
[12-01-2023 14:40:01] [Debug] Generators file: Loaded GeneratedObject: Type: block | Chance: 100.0 | Material: STONE
[12-01-2023 14:40:01] [Debug] Generators file: Loaded properly DOUBLE stone_generator_level_1 generating variety of 1 objects every 40 ticks
[12-01-2023 14:40:01] [Debug] Generators file: Loaded GeneratedObject: Type: block | Chance: 100.0 | Material: STONE
[12-01-2023 14:40:01] [Debug] Generators file: Loaded properly DOUBLE stone_generator_level_2 generating variety of 1 objects every 20 ticks
[12-01-2023 14:40:01] [Debug] Generators file: Loaded GeneratedObject: Type: item | Chance: 25.0 | Item: ItemStack{OAK_LOG x 1}
[12-01-2023 14:40:01] [Debug] Generators file: Loaded GeneratedObject: Type: item | Chance: 25.0 | Item: ItemStack{BIRCH_LOG x 1}
[12-01-2023 14:40:01] [Debug] Generators file: Loaded GeneratedObject: Type: item | Chance: 25.0 | Item: ItemStack{BIRCH_LOG x 1}
[12-01-2023 14:40:01] [Debug] Generators file: Loaded GeneratedObject: Type: item | Chance: 25.0 | Item: ItemStack{SPRUCE_LOG x 1}
[12-01-2023 14:40:01] [Debug] Generators file: Loaded properly SINGLE wood_generator generating variety of 4 objects every 20 ticks
[12-01-2023 14:40:01] [Debug] Generators file: Loaded GeneratedObject: Type: block | Chance: 50.0 | Material: STONE
[12-01-2023 14:40:01] [Debug] Generators file: Loaded GeneratedObject: Type: block | Chance: 15.0 | Material: STONE | CustomDrops: RemoveDefaults: true, Item: ItemStack{COAL x 1} ItemFortune: true
[12-01-2023 14:40:01] [Debug] Generators file: Loaded GeneratedObject: Type: block | Chance: 15.0 | Material: STONE | CustomDrops: RemoveDefaults: true, Item: ItemStack{RAW_IRON x 1} ItemFortune: true
[12-01-2023 14:40:01] [Debug] Generators file: Loaded GeneratedObject: Type: block | Chance: 10.0 | Material: STONE | CustomDrops: RemoveDefaults: true, Item: ItemStack{RAW_GOLD x 1} ItemFortune: true
[12-01-2023 14:40:01] [Debug] Generators file: Loaded GeneratedObject: Type: block | Chance: 9.0 | Material: STONE | CustomDrops: RemoveDefaults: true, Item: ItemStack{DIAMOND x 1} ItemFortune: true
[12-01-2023 14:40:01] [Debug] Generators file: Loaded GeneratedObject: Type: block | Chance: 1.0 | Material: STONE | CustomDrops: RemoveDefaults: true, Item: ItemStack{EMERALD x 1} ItemFortune: true, Commands: [say <player> dropped emerald from Ores from stone generator!]
[12-01-2023 14:40:01] [Debug] Generators file: Loaded properly SINGLE ores_from_stone_generator generating variety of 6 objects every 80 ticks
[12-01-2023 14:40:01] [Debug] Generators file: Loaded GeneratedObject: Type: block | Chance: 50.0 | Material: COAL_ORE
[12-01-2023 14:40:01] [Debug] Generators file: Loaded GeneratedObject: Type: block | Chance: 25.0 | Material: IRON_ORE
[12-01-2023 14:40:01] [Debug] Generators file: Loaded GeneratedObject: Type: block | Chance: 15.0 | Material: GOLD_ORE
[12-01-2023 14:40:01] [Debug] Generators file: Loaded GeneratedObject: Type: block | Chance: 9.0 | Material: DIAMOND_ORE
[12-01-2023 14:40:01] [Debug] Generators file: Loaded GeneratedObject: Type: block | Chance: 1.0 | Material: EMERALD_ORE
[12-01-2023 14:40:01] [Debug] Generators file: Loaded properly SINGLE ores_generator generating variety of 5 objects every 80 ticks
[12-01-2023 14:40:01] Generators file: Loaded 5 generators!
[12-01-2023 14:40:01] [Debug] Lang: Loading lang files
[12-01-2023 14:40:01] Lang: Messages and Guis file loaded with lang: en
[12-01-2023 14:40:01] [Debug] RecipesManager: Setting up manager
[12-01-2023 14:40:01] Recipes file: Recipes are disabled. You can enable them in recipes.yml
[12-01-2023 14:40:01] [Debug] Upgrades: Loaded UpgradeCost: UpgradeCostMoney
[12-01-2023 14:40:01] [Debug] Upgrades: Loaded UpgradeCost: UpgradeCostExp
[12-01-2023 14:40:01] [Debug] Upgrades: Loaded UpgradeCost: UpgradeCostExpLevel
[12-01-2023 14:40:01] [Debug] Upgrades: Loaded UpgradeCost: UpgradeCostItems
[12-01-2023 14:40:01] [Debug] UpgradesManager: Setting up manager
[12-01-2023 14:40:01] Upgrades file: Upgrades are disabled. You can enable them in upgrades.yml
[12-01-2023 14:40:01] [Debug] LimitsManager: Setting up manager
[12-01-2023 14:40:01] Limits file: Limits are disabled. You can enable them in limits.yml!
[12-01-2023 14:40:01] [Debug] DatabaseManager: Setting up manager
[12-01-2023 14:40:01] Database SQLITE: Connected to SQLITE database
[12-01-2023 14:40:01] [Debug] HologramsManager: Setting up manager
[12-01-2023 14:40:01] Holograms: Enabling DecentHologramsProvider
[12-01-2023 14:40:01] [Debug] SchedulesManager: Setting up manager
[12-01-2023 14:40:01] [Debug] MenusManager: Setting up manager
[12-01-2023 14:40:01] [Debug] PlacedGenerators: Loading generators from already loaded chunks
[12-01-2023 14:40:01] [Debug] MainManager: Loading listeners
[12-01-2023 14:40:01] [Debug] MainManager: Loading Metrix
[12-01-2023 14:40:01] MainManager: KGenerators loaded successfully
[12-01-2023 14:40:02] [Debug] PlacedGenerators: Loaded 0 generators from world world (2 chunks)
[12-01-2023 14:40:02] [Debug] PlacedGenerators: Loaded 0 generators from world resource_world (0 chunks)
[12-01-2023 14:40:02] [Debug] PlacedGenerators: Loaded 0 generators from world world_nether (0 chunks)
[12-01-2023 14:40:02] [Debug] PlacedGenerators: Loaded 0 generators from world world_the_end (5 chunks)
[12-01-2023 21:28:14] Disabling KGenerators
[12-01-2023 21:28:14] Saving 0 running generators.
[12-01-2023 21:28:14] Safely closing menus.
[12-01-2023 21:28:14] Safely shutting down database.
[12-01-2023 21:28:14] Database SQLITE: Connection closed
